{"category":"STANDARD","count":10,"endLocation":"Dubai","level":"info","message":"Creating order request","scheduleEnd":"2023-01-31T00:00:00.000Z","scheduleStart":"2023-01-01T00:00:00.000Z","service":"user-service","startLocation":"Abu dhabi","timeEnd":"16:30","timeStart":"9:00","timestamp":"2023-03-20T20:53:32.946Z","type":"SEDAN"}
{"category":"STANDARD","count":10,"endLocation":"Dubai","level":"info","message":"Creating order request","scheduleEnd":"2023-01-31T00:00:00.000Z","scheduleStart":"2023-01-01T00:00:00.000Z","startLocation":"Abu dhabi","timeEnd":"16:30","timeStart":"9:00","timestamp":"2023-03-20T20:54:56.204Z","type":"SEDAN"}
{"category":"STANDARD","count":10,"endLocation":"Dubai","level":"info","message":"Creating order request","scheduleEnd":"2023-01-31T00:00:00.000Z","scheduleStart":"2023-01-01T00:00:00.000Z","startLocation":"Abu dhabi","timeEnd":"16:30","timeStart":"9:00","timestamp":"2023-03-20T20:55:28.421Z","type":"SEDAN"}
{"category":"STANDARD","count":10,"endLocation":"Dubai","level":"info","message":"Creating order request","scheduleEnd":"2023-01-31T00:00:00.000Z","scheduleStart":"2023-01-01T00:00:00.000Z","startLocation":"Abu dhabi","timeEnd":"16:30","timeStart":"9:00","timestamp":"2023-03-20T21:29:32.181Z","type":"SEDAN"}
{"category":"STANDARD","count":10,"dayEnd":"FRIDAY","dayStart":"TUESDAY","endLocation":"Dubai","level":"info","message":"Creating order request","scheduleEnd":"2023-01-31T00:00:00.000Z","scheduleStart":"2023-01-01T00:00:00.000Z","startLocation":"Abu dhabi","timeEnd":"16:30","timeStart":"9:00","timestamp":"2023-03-21T11:31:05.888Z","type":"SEDAN"}
{"category":"STANDARD","count":10,"dayEnd":"FRIDAY","dayStart":"TUESDAY","endLocation":"Dubai","level":"info","message":"Creating order request","scheduleEnd":"2023-01-31T00:00:00.000Z","scheduleStart":"2023-01-01T00:00:00.000Z","startLocation":"Abu dhabi","timeEnd":"16:30","timeStart":"9:00","timestamp":"2023-03-21T17:53:49.463Z","type":"SEDAN"}
{"level":"info","message":"Getting all order requests","timestamp":"2023-03-21T17:58:04.994Z"}
{"level":"info","message":"Getting all order requests","timestamp":"2023-03-21T18:58:18.777Z"}
{"level":"info","message":"Getting all order requests","timestamp":"2023-03-21T18:59:04.374Z"}
{"category":"STANDARD","count":10,"dayEnd":"FRIDAY","dayStart":"TUESDAY","endLocation":"Dubai","level":"info","message":"Creating order request","scheduleEnd":"2023-01-31T00:00:00.000Z","scheduleStart":"2023-01-01T00:00:00.000Z","startLocation":"Abu dhabi","timeEnd":"16:30","timeStart":"09:00","timestamp":"2023-03-21T19:09:50.547Z","type":"SEDAN"}
{"level":"info","message":"Request body:","timestamp":"2023-03-21T19:25:07.017Z"}
{"category":"STANDARD","count":10,"dayEnd":"FRIDAY","dayStart":"TUESDAY","endLocation":"Dubai","level":"info","message":"Creating order request","scheduleEnd":"2023-01-31T00:00:00.000Z","scheduleStart":"2023-01-01T00:00:00.000Z","startLocation":"Abu dhabi","timeEnd":"22:30","timeStart":"09:00","timestamp":"2023-03-21T19:48:36.020Z","type":"SEDAN"}
{"category":"STANDARD","count":10,"dayEnd":"FRIDAY","dayStart":"TUESDAY","endLocation":"Dubai","level":"info","message":"Creating order request","scheduleEnd":"2023-01-31T00:00:00.000Z","scheduleStart":"2023-01-01T00:00:00.000Z","startLocation":"Abu dhabi","timeEnd":"22:30","timeStart":"09:00","timestamp":"2023-03-21T19:49:19.079Z","type":"SEDAN"}
{"category":"STANDARD","count":10,"dayEnd":"FRIDAY","dayStart":"TUESDAY","endLocation":"Dubai","level":"info","message":"Creating order request","scheduleEnd":"2023-01-31T00:00:00.000Z","scheduleStart":"2023-01-01T00:00:00.000Z","startLocation":"Abu dhabi","timeEnd":"22:30","timeStart":"09:00","timestamp":"2023-03-21T19:49:52.428Z","type":"SEDAN"}
{"category":"STANDARD","count":10,"dayEnd":"FRIDAY","dayStart":"TUESDAY","endLocation":"Dubai","level":"info","message":"Creating order request","scheduleEnd":"2023-01-31T00:00:00.000Z","scheduleStart":"2023-01-01T00:00:00.000Z","startLocation":"Abu dhabi","timeEnd":"22:30","timeStart":"09:00","timestamp":"2023-03-21T20:01:31.274Z","type":"SEDAN"}
{"category":"STANDARD","count":10,"dayEnd":"FRIDAY","dayStart":"TUESDAY","endLocation":"Dubai","level":"info","message":"Creating order request","scheduleEnd":"2023-01-31T00:00:00.000Z","scheduleStart":"2023-01-01T00:00:00.000Z","startLocation":"Abu dhabi","timeEnd":"22:30","timeStart":"09:00","timestamp":"2023-03-21T20:02:06.453Z","type":"SEDAN"}
{"category":"STANDARD","count":10,"dayEnd":"FRIDAY","dayStart":"TUESDAY","endLocation":"Dubai","level":"info","message":"Creating order request","scheduleEnd":"2023-01-31T00:00:00.000Z","scheduleStart":"2023-01-01T00:00:00.000Z","startLocation":"Abu dhabi","timeEnd":"22:30","timeStart":"09:00","timestamp":"2023-03-21T20:04:04.034Z","type":"SEDAN"}
{"category":"STANDARD","count":10,"dayEnd":"FRIDAY","dayStart":"TUESDAY","endLocation":"Dubai","level":"info","message":"Creating order request","scheduleEnd":"2023-01-31T00:00:00.000Z","scheduleStart":"2023-01-01T00:00:00.000Z","startLocation":"Abu dhabi","timeEnd":"22:30","timeStart":"09:00","timestamp":"2023-03-21T20:06:10.182Z","type":"SEDAN"}
{"category":"STANDARD","count":10,"dayEnd":"FRIDAY","dayStart":"TUESDAY","endLocation":"Dubai","level":"info","message":"Creating order request","scheduleEnd":"2023-01-31T00:00:00.000Z","scheduleStart":"2023-01-01T00:00:00.000Z","startLocation":"Abu dhabi","timeEnd":"22:30","timeStart":"09:00","timestamp":"2023-03-21T20:09:04.515Z","type":"SEDAN"}
{"category":"STANDARD","count":10,"dayEnd":"FRIDAY","dayStart":"TUESDAY","endLocation":"Dubai","level":"info","message":"Creating order request","scheduleEnd":"2023-01-31T00:00:00.000Z","scheduleStart":"2023-01-01T00:00:00.000Z","startLocation":"Abu dhabi","timeEnd":"22:30","timeStart":"09:00","timestamp":"2023-03-21T20:11:50.940Z","type":"SEDAN"}
{"level":"info","message":"Getting all order requests","timestamp":"2023-03-21T20:29:21.310Z"}
